<?xml version="1.0" encoding="UTF-8"?>
<!-- Generated by org.testng.reporters.JUnitReportReporter -->
<testsuite hostname="LAPTOP-ETFT24G3" failures="0" tests="1" name="Test.zerodhaHomeTest" time="6.906" errors="0" timestamp="2022-05-02T11:34:13 IST" skipped="0">
  <testcase classname="Test.zerodhaHomeTest" name="SearchandBaystock" time="6.906"/>
  <system-out/>
</testsuite> <!-- Test.zerodhaHomeTest -->
