<?xml version="1.0" encoding="UTF-8"?>
<!-- Generated by org.testng.reporters.JUnitReportReporter -->
<testsuite hostname="LAPTOP-ETFT24G3" failures="0" tests="1" name="Test.zerodhaLoginTest" time="11.408" errors="0" timestamp="2022-05-08T07:49:07 IST" skipped="0">
  <testcase classname="Test.zerodhaLoginTest" name="loginwithValidCredential" time="11.408"/>
  <system-out/>
</testsuite> <!-- Test.zerodhaLoginTest -->
