<?xml version="1.0" encoding="UTF-8"?>
<!-- Generated by org.testng.reporters.JUnitReportReporter -->
<testsuite hostname="LAPTOP-ETFT24G3" failures="0" tests="1" name="Test.zerodhaForgotpasswordTest" time="4.876" errors="0" timestamp="2022-04-28T19:38:06 IST" skipped="0">
  <testcase classname="Test.zerodhaForgotpasswordTest" name="emailradioa" time="4.876"/>
  <system-out/>
</testsuite> <!-- Test.zerodhaForgotpasswordTest -->
